# JRE version: Java(TM) SE Runtime Environment (8.0_91-b15) (build 1.8.0_91-b15)
# Java VM: Java HotSpot(TM) 64-Bit Server VM (25.91-b15 mixed mode windows-amd64 compressed oops)
Heap:
 PSYoungGen      total 262144K, used 109495K [0x00000000d5f80000, 0x00000000ea200000, 0x0000000100000000)
  eden space 238592K, 40% used [0x00000000d5f80000,0x00000000dbe2bf48,0x00000000e4880000)
  from space 23552K, 53% used [0x00000000e4880000,0x00000000e54c1e18,0x00000000e5f80000)
  to   space 23040K, 0% used [0x00000000e8b80000,0x00000000e8b80000,0x00000000ea200000)
 ParOldGen       total 141824K, used 34480K [0x0000000081e00000, 0x000000008a880000, 0x00000000d5f80000)
  object space 141824K, 24% used [0x0000000081e00000,0x0000000083fac1c8,0x000000008a880000)
 Metaspace       used 64559K, capacity 68128K, committed 68480K, reserved 1107968K
  class space    used 8613K, capacity 9222K, committed 9344K, reserved 1048576K
GC Heap History (10 events):
Event: 4.677 GC heap before
{Heap before GC invocations=12 (full 2):
 PSYoungGen      total 171520K, used 171198K [0x00000000d5f80000, 0x00000000e4300000, 0x0000000100000000)
  eden space 156160K, 100% used [0x00000000d5f80000,0x00000000df800000,0x00000000df800000)
  from space 15360K, 97% used [0x00000000df800000,0x00000000e06afad8,0x00000000e0700000)
  to   space 16896K, 0% used [0x00000000e3280000,0x00000000e3280000,0x00000000e4300000)
 ParOldGen       total 94720K, used 18810K [0x0000000081e00000, 0x0000000087a80000, 0x00000000d5f80000)
  object space 94720K, 19% used [0x0000000081e00000,0x000000008305ea10,0x0000000087a80000)
 Metaspace       used 48348K, capacity 50736K, committed 50944K, reserved 1093632K
  class space    used 6422K, capacity 6848K, committed 6912K, reserved 1048576K
Event: 4.692 GC heap after
Heap after GC invocations=12 (full 2):
 PSYoungGen      total 212992K, used 16870K [0x00000000d5f80000, 0x00000000e4700000, 0x0000000100000000)
  eden space 196096K, 0% used [0x00000000d5f80000,0x00000000d5f80000,0x00000000e1f00000)
  from space 16896K, 99% used [0x00000000e3280000,0x00000000e42f98f8,0x00000000e4300000)
  to   space 19968K, 0% used [0x00000000e1f00000,0x00000000e1f00000,0x00000000e3280000)
 ParOldGen       total 94720K, used 21440K [0x0000000081e00000, 0x0000000087a80000, 0x00000000d5f80000)
  object space 94720K, 22% used [0x0000000081e00000,0x00000000832f0340,0x0000000087a80000)
 Metaspace       used 48348K, capacity 50736K, committed 50944K, reserved 1093632K
  class space    used 6422K, capacity 6848K, committed 6912K, reserved 1048576K
}
Event: 6.360 GC heap before
{Heap before GC invocations=13 (full 2):
 PSYoungGen      total 212992K, used 212966K [0x00000000d5f80000, 0x00000000e4700000, 0x0000000100000000)
  eden space 196096K, 100% used [0x00000000d5f80000,0x00000000e1f00000,0x00000000e1f00000)
  from space 16896K, 99% used [0x00000000e3280000,0x00000000e42f98f8,0x00000000e4300000)
  to   space 19968K, 0% used [0x00000000e1f00000,0x00000000e1f00000,0x00000000e3280000)
 ParOldGen       total 94720K, used 21440K [0x0000000081e00000, 0x0000000087a80000, 0x00000000d5f80000)
  object space 94720K, 22% used [0x0000000081e00000,0x00000000832f0340,0x0000000087a80000)
 Metaspace       used 54053K, capacity 57064K, committed 57344K, reserved 1099776K
  class space    used 7322K, capacity 7885K, committed 7936K, reserved 1048576K
Event: 6.378 GC heap after
Heap after GC invocations=13 (full 2):
 PSYoungGen      total 216064K, used 19957K [0x00000000d5f80000, 0x00000000e7c00000, 0x0000000100000000)
  eden space 196096K, 0% used [0x00000000d5f80000,0x00000000d5f80000,0x00000000e1f00000)
  from space 19968K, 99% used [0x00000000e1f00000,0x00000000e327d4b8,0x00000000e3280000)
  to   space 24064K, 0% used [0x00000000e6480000,0x00000000e6480000,0x00000000e7c00000)
 ParOldGen       total 94720K, used 25827K [0x0000000081e00000, 0x0000000087a80000, 0x00000000d5f80000)
  object space 94720K, 27% used [0x0000000081e00000,0x0000000083738cf8,0x0000000087a80000)
 Metaspace       used 54053K, capacity 57064K, committed 57344K, reserved 1099776K
  class space    used 7322K, capacity 7885K, committed 7936K, reserved 1048576K
}
Event: 8.400 GC heap before
{Heap before GC invocations=14 (full 2):
 PSYoungGen      total 216064K, used 53535K [0x00000000d5f80000, 0x00000000e7c00000, 0x0000000100000000)
  eden space 196096K, 17% used [0x00000000d5f80000,0x00000000d804aae0,0x00000000e1f00000)
  from space 19968K, 99% used [0x00000000e1f00000,0x00000000e327d4b8,0x00000000e3280000)
  to   space 24064K, 0% used [0x00000000e6480000,0x00000000e6480000,0x00000000e7c00000)
 ParOldGen       total 94720K, used 25827K [0x0000000081e00000, 0x0000000087a80000, 0x00000000d5f80000)
  object space 94720K, 27% used [0x0000000081e00000,0x0000000083738cf8,0x0000000087a80000)
 Metaspace       used 55873K, capacity 58986K, committed 59136K, reserved 1099776K
  class space    used 7565K, capacity 8100K, committed 8192K, reserved 1048576K
Event: 8.419 GC heap after
Heap after GC invocations=14 (full 2):
 PSYoungGen      total 257024K, used 7773K [0x00000000d5f80000, 0x00000000e7680000, 0x0000000100000000)
  eden space 238592K, 0% used [0x00000000d5f80000,0x00000000d5f80000,0x00000000e4880000)
  from space 18432K, 42% used [0x00000000e6480000,0x00000000e6c17640,0x00000000e7680000)
  to   space 23552K, 0% used [0x00000000e4880000,0x00000000e4880000,0x00000000e5f80000)
 ParOldGen       total 94720K, used 40279K [0x0000000081e00000, 0x0000000087a80000, 0x00000000d5f80000)
  object space 94720K, 42% used [0x0000000081e00000,0x0000000084555fc8,0x0000000087a80000)
 Metaspace       used 55873K, capacity 58986K, committed 59136K, reserved 1099776K
  class space    used 7565K, capacity 8100K, committed 8192K, reserved 1048576K
}
Event: 8.419 GC heap before
{Heap before GC invocations=15 (full 3):
 PSYoungGen      total 257024K, used 7773K [0x00000000d5f80000, 0x00000000e7680000, 0x0000000100000000)
  eden space 238592K, 0% used [0x00000000d5f80000,0x00000000d5f80000,0x00000000e4880000)
  from space 18432K, 42% used [0x00000000e6480000,0x00000000e6c17640,0x00000000e7680000)
  to   space 23552K, 0% used [0x00000000e4880000,0x00000000e4880000,0x00000000e5f80000)
 ParOldGen       total 94720K, used 40279K [0x0000000081e00000, 0x0000000087a80000, 0x00000000d5f80000)
  object space 94720K, 42% used [0x0000000081e00000,0x0000000084555fc8,0x0000000087a80000)
 Metaspace       used 55873K, capacity 58986K, committed 59136K, reserved 1099776K
  class space    used 7565K, capacity 8100K, committed 8192K, reserved 1048576K
Event: 8.558 GC heap after
Heap after GC invocations=15 (full 3):
 PSYoungGen      total 257024K, used 0K [0x00000000d5f80000, 0x00000000e7680000, 0x0000000100000000)
  eden space 238592K, 0% used [0x00000000d5f80000,0x00000000d5f80000,0x00000000e4880000)
  from space 18432K, 0% used [0x00000000e6480000,0x00000000e6480000,0x00000000e7680000)
  to   space 23552K, 0% used [0x00000000e4880000,0x00000000e4880000,0x00000000e5f80000)
 ParOldGen       total 141824K, used 34472K [0x0000000081e00000, 0x000000008a880000, 0x00000000d5f80000)
  object space 141824K, 24% used [0x0000000081e00000,0x0000000083faa1c8,0x000000008a880000)
 Metaspace       used 55873K, capacity 58986K, committed 59136K, reserved 1099776K
  class space    used 7565K, capacity 8100K, committed 8192K, reserved 1048576K
}
Event: 263.175 GC heap before
{Heap before GC invocations=16 (full 3):
 PSYoungGen      total 257024K, used 238592K [0x00000000d5f80000, 0x00000000e7680000, 0x0000000100000000)
  eden space 238592K, 100% used [0x00000000d5f80000,0x00000000e4880000,0x00000000e4880000)
  from space 18432K, 0% used [0x00000000e6480000,0x00000000e6480000,0x00000000e7680000)
  to   space 23552K, 0% used [0x00000000e4880000,0x00000000e4880000,0x00000000e5f80000)
 ParOldGen       total 141824K, used 34472K [0x0000000081e00000, 0x000000008a880000, 0x00000000d5f80000)
  object space 141824K, 24% used [0x0000000081e00000,0x0000000083faa1c8,0x000000008a880000)
 Metaspace       used 64550K, capacity 68128K, committed 68480K, reserved 1107968K
  class space    used 8612K, capacity 9222K, committed 9344K, reserved 1048576K
Event: 263.192 GC heap after
Heap after GC invocations=16 (full 3):
 PSYoungGen      total 262144K, used 12551K [0x00000000d5f80000, 0x00000000ea200000, 0x0000000100000000)
  eden space 238592K, 0% used [0x00000000d5f80000,0x00000000d5f80000,0x00000000e4880000)
  from space 23552K, 53% used [0x00000000e4880000,0x00000000e54c1e18,0x00000000e5f80000)
  to   space 23040K, 0% used [0x00000000e8b80000,0x00000000e8b80000,0x00000000ea200000)
 ParOldGen       total 141824K, used 34480K [0x0000000081e00000, 0x000000008a880000, 0x00000000d5f80000)
  object space 141824K, 24% used [0x0000000081e00000,0x0000000083fac1c8,0x000000008a880000)
 Metaspace       used 64550K, capacity 68128K, committed 68480K, reserved 1107968K
  class space    used 8612K, capacity 9222K, committed 9344K, reserved 1048576K
}

